[    0.000000] Linux version 4.15.0-74-generic (buildd@lcy01-amd64-022) (gcc version 7.4.0 (Ubuntu 7.4.0-1ubuntu1~18.04.1)) #84-Ubuntu SMP Thu Dec 19 08:06:28 UTC 2019 (Ubuntu 4.15.0-74.84-generic 4.15.18)
[    0.000000] Command line: BOOT_IMAGE=/boot/vmlinuz-4.15.0-74-generic root=LABEL=cloudimg-rootfs ro console=tty1 console=ttyS0
[    0.000000] KERNEL supported cpus:
[    0.000000]   Intel GenuineIntel
[    0.000000]   AMD AuthenticAMD
[    0.000000]   Centaur CentaurHauls
[    0.000000] x86/fpu: Supporting XSAVE feature 0x001: 'x87 floating point registers'
[    0.000000] x86/fpu: Supporting XSAVE feature 0x002: 'SSE registers'
[    0.000000] x86/fpu: Supporting XSAVE feature 0x004: 'AVX registers'
[    0.000000] x86/fpu: xstate_offset[2]:  576, xstate_sizes[2]:  256
[    0.000000] x86/fpu: Enabled xstate features 0x7, context size is 832 bytes, using 'standard' format.
[    0.000000] e820: BIOS-provided physical RAM map:
[    0.000000] BIOS-e820: [mem 0x0000000000000000-0x000000000009fbff] usable
[    0.000000] BIOS-e820: [mem 0x000000000009fc00-0x000000000009ffff] reserved
[    0.000000] BIOS-e820: [mem 0x00000000000f0000-0x00000000000fffff] reserved
[    0.000000] BIOS-e820: [mem 0x0000000000100000-0x000000003ffeffff] usable
[    0.000000] BIOS-e820: [mem 0x000000003fff0000-0x000000003fffffff] ACPI data
[    0.000000] BIOS-e820: [mem 0x00000000fec00000-0x00000000fec00fff] reserved
[    0.000000] BIOS-e820: [mem 0x00000000fee00000-0x00000000fee00fff] reserved
[    0.000000] BIOS-e820: [mem 0x00000000fffc0000-0x00000000ffffffff] reserved
[    0.000000] NX (Execute Disable) protection: active
[    0.000000] SMBIOS 2.5 present.
[    0.000000] DMI: innotek GmbH VirtualBox/VirtualBox, BIOS VirtualBox 12/01/2006
[    0.000000] Hypervisor detected: KVM
[    0.000000] e820: last_pfn = 0x3fff0 max_arch_pfn = 0x400000000
[    0.000000] MTRR: Disabled
[    0.000000] x86/PAT: MTRRs disabled, skipping PAT initialization too.
[    0.000000] CPU MTRRs all blank - virtualized system.
[    0.000000] x86/PAT: Configuration [0-7]: WB  WT  UC- UC  WB  WT  UC- UC  
[    0.000000] found SMP MP-table at [mem 0x0009fff0-0x0009ffff]
[    0.000000] Scanning 1 areas for low memory corruption
[    0.000000] RAMDISK: [mem 0x35a6f000-0x36d2efff]
[    0.000000] ACPI: Early table checksum verification disabled
[    0.000000] ACPI: RSDP 0x00000000000E0000 000024 (v02 VBOX  )
[    0.000000] ACPI: XSDT 0x000000003FFF0030 00003C (v01 VBOX   VBOXXSDT 00000001 ASL  00000061)
[    0.000000] ACPI: FACP 0x000000003FFF00F0 0000F4 (v04 VBOX   VBOXFACP 00000001 ASL  00000061)
[    0.000000] ACPI: DSDT 0x000000003FFF0470 0022EA (v02 VBOX   VBOXBIOS 00000002 INTL 20100528)
[    0.000000] ACPI: FACS 0x000000003FFF0200 000040
[    0.000000] ACPI: FACS 0x000000003FFF0200 000040
[    0.000000] ACPI: APIC 0x000000003FFF0240 00005C (v02 VBOX   VBOXAPIC 00000001 ASL  00000061)
[    0.000000] ACPI: SSDT 0x000000003FFF02A0 0001CC (v01 VBOX   VBOXCPUT 00000002 INTL 20100528)
[    0.000000] No NUMA configuration found
[    0.000000] Faking a node at [mem 0x0000000000000000-0x000000003ffeffff]
[    0.000000] NODE_DATA(0) allocated [mem 0x3ffc5000-0x3ffeffff]
[    0.000000] kvm-clock: cpu 0, msr 0:3ff44001, primary cpu clock
[    0.000000] kvm-clock: Using msrs 4b564d01 and 4b564d00
[    0.000000] kvm-clock: using sched offset of 3799875848 cycles
[    0.000000] clocksource: kvm-clock: mask: 0xffffffffffffffff max_cycles: 0x1cd42e4dffb, max_idle_ns: 881590591483 ns
[    0.000000] Zone ranges:
[    0.000000]   DMA      [mem 0x0000000000001000-0x0000000000ffffff]
[    0.000000]   DMA32    [mem 0x0000000001000000-0x000000003ffeffff]
[    0.000000]   Normal   empty
[    0.000000]   Device   empty
[    0.000000] Movable zone start for each node
[    0.000000] Early memory node ranges
[    0.000000]   node   0: [mem 0x0000000000001000-0x000000000009efff]
[    0.000000]   node   0: [mem 0x0000000000100000-0x000000003ffeffff]
[    0.000000] Reserved but unavailable: 98 pages
[    0.000000] Initmem setup node 0 [mem 0x0000000000001000-0x000000003ffeffff]
[    0.000000] ACPI: PM-Timer IO Port: 0x4008
[    0.000000] IOAPIC[0]: apic_id 2, version 32, address 0xfec00000, GSI 0-23
[    0.000000] ACPI: INT_SRC_OVR (bus 0 bus_irq 0 global_irq 2 dfl dfl)
[    0.000000] ACPI: INT_SRC_OVR (bus 0 bus_irq 9 global_irq 9 low level)
[    0.000000] Using ACPI (MADT) for SMP configuration information
[    0.000000] smpboot: Allowing 2 CPUs, 0 hotplug CPUs
[    0.000000] PM: Registered nosave memory: [mem 0x00000000-0x00000fff]
[    0.000000] PM: Registered nosave memory: [mem 0x0009f000-0x0009ffff]
[    0.000000] PM: Registered nosave memory: [mem 0x000a0000-0x000effff]
[    0.000000] PM: Registered nosave memory: [mem 0x000f0000-0x000fffff]
[    0.000000] e820: [mem 0x40000000-0xfebfffff] available for PCI devices
[    0.000000] Booting paravirtualized kernel on KVM
[    0.000000] clocksource: refined-jiffies: mask: 0xffffffff max_cycles: 0xffffffff, max_idle_ns: 7645519600211568 ns
[    0.000000] random: get_random_bytes called from start_kernel+0x99/0x4fd with crng_init=0
[    0.000000] setup_percpu: NR_CPUS:8192 nr_cpumask_bits:2 nr_cpu_ids:2 nr_node_ids:1
[    0.000000] percpu: Embedded 45 pages/cpu s147456 r8192 d28672 u1048576
[    0.000000] PV qspinlock hash table entries: 256 (order: 0, 4096 bytes)
[    0.000000] Built 1 zonelists, mobility grouping on.  Total pages: 257913
[    0.000000] Policy zone: DMA32
[    0.000000] Kernel command line: BOOT_IMAGE=/boot/vmlinuz-4.15.0-74-generic root=LABEL=cloudimg-rootfs ro console=tty1 console=ttyS0
[    0.000000] Memory: 983080K/1048120K available (12300K kernel code, 2481K rwdata, 4260K rodata, 2428K init, 2704K bss, 65040K reserved, 0K cma-reserved)
[    0.000000] SLUB: HWalign=64, Order=0-3, MinObjects=0, CPUs=2, Nodes=1
[    0.000000] Kernel/User page tables isolation: enabled
[    0.000000] ftrace: allocating 39322 entries in 154 pages
[    0.004000] Hierarchical RCU implementation.
[    0.004000] 	RCU restricting CPUs from NR_CPUS=8192 to nr_cpu_ids=2.
[    0.004000] 	Tasks RCU enabled.
[    0.004000] RCU: Adjusting geometry for rcu_fanout_leaf=16, nr_cpu_ids=2
[    0.004000] NR_IRQS: 524544, nr_irqs: 440, preallocated irqs: 16
[    0.004000] Console: colour VGA+ 80x25
[    0.004000] console [tty1] enabled
[    0.004000] console [ttyS0] enabled
[    0.004000] ACPI: Core revision 20170831
[    0.004000] ACPI: 2 ACPI AML tables successfully acquired and loaded
[    0.004000] APIC: Switch to symmetric I/O mode setup
[    0.004000] x2apic enabled
[    0.004000] Switched APIC routing to physical x2apic.
[    0.004000] ..TIMER: vector=0x30 apic1=0 pin1=2 apic2=-1 pin2=-1
[    0.004004] tsc: Detected 1992.001 MHz processor
[    0.004833] Calibrating delay loop (skipped) preset value.. 3984.00 BogoMIPS (lpj=7968004)
[    0.005717] pid_max: default: 32768 minimum: 301
[    0.008027] Security Framework initialized
[    0.008903] Yama: becoming mindful.
[    0.009683] AppArmor: AppArmor initialized
[    0.012030] Dentry cache hash table entries: 131072 (order: 8, 1048576 bytes)
[    0.016041] Inode-cache hash table entries: 65536 (order: 7, 524288 bytes)
[    0.017396] Mount-cache hash table entries: 2048 (order: 2, 16384 bytes)
[    0.018732] Mountpoint-cache hash table entries: 2048 (order: 2, 16384 bytes)
[    0.020234] Last level iTLB entries: 4KB 64, 2MB 8, 4MB 8
[    0.021325] Last level dTLB entries: 4KB 64, 2MB 0, 4MB 0, 1GB 4
[    0.022655] Spectre V1 : Mitigation: usercopy/swapgs barriers and __user pointer sanitization
[    0.024002] Spectre V2 : Mitigation: Full generic retpoline
[    0.024932] Spectre V2 : Spectre v2 / SpectreRSB mitigation: Filling RSB on context switch
[    0.026557] Speculative Store Bypass: Vulnerable
[    0.028025] MDS: Mitigation: Clear CPU buffers
[    0.029066] Freeing SMP alternatives memory: 36K
[    0.141055] smpboot: CPU0: Intel(R) Core(TM) i7-8550U CPU @ 1.80GHz (family: 0x6, model: 0x8e, stepping: 0xa)
[    0.142797] Performance Events: unsupported p6 CPU model 142 no PMU driver, software events only.
[    0.144000] Hierarchical SRCU implementation.
[    0.144515] NMI watchdog: Perf event create on CPU 0 failed with -2
[    0.145757] NMI watchdog: Perf NMI watchdog permanently disabled
[    0.146986] smp: Bringing up secondary CPUs ...
[    0.148061] x86: Booting SMP configuration:
[    0.149009] .... node  #0, CPUs:      #1
[    0.004000] kvm-clock: cpu 1, msr 0:3ff44041, secondary cpu clock
[    0.152016] smp: Brought up 1 node, 2 CPUs
[    0.152831] smpboot: Max logical packages: 1
[    0.153775] smpboot: Total of 2 processors activated (7968.00 BogoMIPS)
[    0.156112] devtmpfs: initialized
[    0.156732] x86/mm: Memory block size: 128MB
[    0.157719] evm: security.selinux
[    0.158361] evm: security.SMACK64
[    0.159091] evm: security.SMACK64EXEC
[    0.160002] evm: security.SMACK64TRANSMUTE
[    0.160774] evm: security.SMACK64MMAP
[    0.161572] evm: security.apparmor
[    0.162292] evm: security.ima
[    0.164001] evm: security.capability
[    0.164825] clocksource: jiffies: mask: 0xffffffff max_cycles: 0xffffffff, max_idle_ns: 7645041785100000 ns
[    0.165996] futex hash table entries: 512 (order: 3, 32768 bytes)
[    0.172011] pinctrl core: initialized pinctrl subsystem
[    0.173201] RTC time:  8:45:32, date: 01/22/20
[    0.174238] NET: Registered protocol family 16
[    0.175104] audit: initializing netlink subsys (disabled)
[    0.176018] audit: type=2000 audit(1579682737.360:1): state=initialized audit_enabled=0 res=1
[    0.176127] cpuidle: using governor ladder
[    0.176846] cpuidle: using governor menu
[    0.180031] ACPI: bus type PCI registered
[    0.180913] acpiphp: ACPI Hot Plug PCI Controller Driver version: 0.5
[    0.182181] PCI: Using configuration type 1 for base access
[    0.184180] HugeTLB registered 2.00 MiB page size, pre-allocated 0 pages
[    0.185300] ACPI: Added _OSI(Module Device)
[    0.188002] ACPI: Added _OSI(Processor Device)
[    0.188930] ACPI: Added _OSI(3.0 _SCP Extensions)
[    0.189845] ACPI: Added _OSI(Processor Aggregator Device)
[    0.190934] ACPI: Added _OSI(Linux-Dell-Video)
[    0.191765] ACPI: Added _OSI(Linux-Lenovo-NV-HDMI-Audio)
[    0.192001] ACPI: Added _OSI(Linux-HPI-Hybrid-Graphics)
[    0.193371] ACPI: Executed 1 blocks of module-level executable AML code
[    0.198628] ACPI: Interpreter enabled
[    0.199364] ACPI: (supports S0 S5)
[    0.200001] ACPI: Using IOAPIC for interrupt routing
[    0.201238] PCI: Using host bridge windows from ACPI; if necessary, use "pci=nocrs" and report a bug
[    0.203263] ACPI: Enabled 2 GPEs in block 00 to 07
[    0.210783] ACPI: PCI Root Bridge [PCI0] (domain 0000 [bus 00-ff])
[    0.212000] acpi PNP0A03:00: _OSC: OS supports [ASPM ClockPM Segments MSI]
[    0.212492] acpi PNP0A03:00: _OSC: not requesting OS control; OS requires [ExtendedConfig ASPM ClockPM MSI]
[    0.214424] acpi PNP0A03:00: fail to add MMCONFIG information, can't access extended PCI configuration space under this bridge.
[    0.216310] PCI host bridge to bus 0000:00
[    0.217154] pci_bus 0000:00: root bus resource [io  0x0000-0x0cf7 window]
[    0.220003] pci_bus 0000:00: root bus resource [io  0x0d00-0xffff window]
[    0.221465] pci_bus 0000:00: root bus resource [mem 0x000a0000-0x000bffff window]
[    0.222933] pci_bus 0000:00: root bus resource [mem 0x40000000-0xfdffffff window]
[    0.224002] pci_bus 0000:00: root bus resource [bus 00-ff]
[    0.228083] pci 0000:00:01.1: legacy IDE quirk: reg 0x10: [io  0x01f0-0x01f7]
[    0.229367] pci 0000:00:01.1: legacy IDE quirk: reg 0x14: [io  0x03f6]
[    0.230683] pci 0000:00:01.1: legacy IDE quirk: reg 0x18: [io  0x0170-0x0177]
[    0.231947] pci 0000:00:01.1: legacy IDE quirk: reg 0x1c: [io  0x0376]
[    0.251664] pci 0000:00:07.0: quirk: [io  0x4000-0x403f] claimed by PIIX4 ACPI
[    0.252022] pci 0000:00:07.0: quirk: [io  0x4100-0x410f] claimed by PIIX4 SMB
[    0.262033] ACPI: PCI Interrupt Link [LNKA] (IRQs 5 9 10 *11)
[    0.264082] ACPI: PCI Interrupt Link [LNKB] (IRQs 5 9 *10 11)
[    0.265395] ACPI: PCI Interrupt Link [LNKC] (IRQs 5 *9 10 11)
[    0.266665] ACPI: PCI Interrupt Link [LNKD] (IRQs 5 9 10 *11)
[    0.268343] SCSI subsystem initialized
[    0.269310] pci 0000:00:02.0: vgaarb: setting as boot VGA device
[    0.269599] pci 0000:00:02.0: vgaarb: VGA device added: decodes=io+mem,owns=io+mem,locks=none
[    0.272008] pci 0000:00:02.0: vgaarb: bridge control possible
[    0.273288] vgaarb: loaded
[    0.273946] ACPI: bus type USB registered
[    0.276034] usbcore: registered new interface driver usbfs
[    0.277194] usbcore: registered new interface driver hub
[    0.278579] usbcore: registered new device driver usb
[    0.280071] EDAC MC: Ver: 3.0.0
[    0.280878] PCI: Using ACPI for IRQ routing
[    0.281245] NetLabel: Initializing
[    0.284013] NetLabel:  domain hash size = 128
[    0.285355] NetLabel:  protocols = UNLABELED CIPSOv4 CALIPSO
[    0.286493] NetLabel:  unlabeled traffic allowed by default
[    0.288064] clocksource: Switched to clocksource kvm-clock
[    0.313551] VFS: Disk quotas dquot_6.6.0
[    0.314838] VFS: Dquot-cache hash table entries: 512 (order 0, 4096 bytes)
[    0.316304] AppArmor: AppArmor Filesystem Enabled
[    0.317406] pnp: PnP ACPI init
[    0.319436] pnp: PnP ACPI: found 3 devices
[    0.331114] clocksource: acpi_pm: mask: 0xffffff max_cycles: 0xffffff, max_idle_ns: 2085701024 ns
[    0.334124] NET: Registered protocol family 2
[    0.335421] TCP established hash table entries: 8192 (order: 4, 65536 bytes)
[    0.337032] TCP bind hash table entries: 8192 (order: 5, 131072 bytes)
[    0.343644] TCP: Hash tables configured (established 8192 bind 8192)
[    0.345181] UDP hash table entries: 512 (order: 2, 16384 bytes)
[    0.346318] UDP-Lite hash table entries: 512 (order: 2, 16384 bytes)
[    0.347744] NET: Registered protocol family 1
[    0.349117] pci 0000:00:00.0: Limiting direct PCI/PCI transfers
[    0.350860] pci 0000:00:01.0: Activating ISA DMA hang workarounds
[    0.352178] pci 0000:00:02.0: Video device with shadowed ROM at [mem 0x000c0000-0x000dffff]
[    0.353765] Unpacking initramfs...
[    0.677382] Freeing initrd memory: 19200K
[    0.678260] clocksource: tsc: mask: 0xffffffffffffffff max_cycles: 0x396d54029a7, max_idle_ns: 881590429682 ns
[    0.680213] platform rtc_cmos: registered platform RTC device (no PNP device found)
[    0.681712] Scanning for low memory corruption every 60 seconds
[    0.683647] Initialise system trusted keyrings
[    0.684636] Key type blacklist registered
[    0.685605] workingset: timestamp_bits=36 max_order=18 bucket_order=0
[    0.687826] zbud: loaded
[    0.689027] squashfs: version 4.0 (2009/01/31) Phillip Lougher
[    0.690512] fuse init (API version 7.26)
[    0.695120] Key type asymmetric registered
[    0.695994] Asymmetric key parser 'x509' registered
[    0.697084] Block layer SCSI generic (bsg) driver version 0.4 loaded (major 246)
[    0.698693] io scheduler noop registered
[    0.699532] io scheduler deadline registered
[    0.700436] io scheduler cfq registered (default)
[    0.701734] ACPI: AC Adapter [AC] (on-line)
[    0.702606] input: Power Button as /devices/LNXSYSTM:00/LNXPWRBN:00/input/input0
[    0.704238] ACPI: Power Button [PWRF]
[    0.705070] input: Sleep Button as /devices/LNXSYSTM:00/LNXSLPBN:00/input/input1
[    0.706559] ACPI: Sleep Button [SLPF]
[    0.708303] ACPI: Battery Slot [BAT0] (battery present)
[    0.709519] Serial: 8250/16550 driver, 32 ports, IRQ sharing enabled
[    0.731533] 00:02: ttyS0 at I/O 0x3f8 (irq = 4, base_baud = 115200) is a 16550A
[    0.738501] Linux agpgart interface v0.103
[    0.740588] loop: module loaded
[    0.741739] scsi host0: ata_piix
[    0.742588] scsi host1: ata_piix
[    0.743337] ata1: PATA max UDMA/33 cmd 0x1f0 ctl 0x3f6 bmdma 0xd000 irq 14
[    0.744996] ata2: PATA max UDMA/33 cmd 0x170 ctl 0x376 bmdma 0xd008 irq 15
[    0.746657] libphy: Fixed MDIO Bus: probed
[    0.747573] tun: Universal TUN/TAP device driver, 1.6
[    0.748939] PPP generic driver version 2.4.2
[    0.750016] ehci_hcd: USB 2.0 'Enhanced' Host Controller (EHCI) Driver
[    0.751273] ehci-pci: EHCI PCI platform driver
[    0.752118] ehci-platform: EHCI generic platform driver
[    0.753302] ohci_hcd: USB 1.1 'Open' Host Controller (OHCI) Driver
[    0.754550] ohci-pci: OHCI PCI platform driver
[    0.755374] ohci-platform: OHCI generic platform driver
[    0.756503] uhci_hcd: USB Universal Host Controller Interface driver
[    0.757815] i8042: PNP: PS/2 Controller [PNP0303:PS2K,PNP0f03:PS2M] at 0x60,0x64 irq 1,12
[    0.759736] serio: i8042 KBD port at 0x60,0x64 irq 1
[    0.760812] serio: i8042 AUX port at 0x60,0x64 irq 12
[    0.762238] mousedev: PS/2 mouse device common for all mice
[    0.764173] rtc_cmos rtc_cmos: rtc core: registered rtc_cmos as rtc0
[    0.765396] input: AT Translated Set 2 keyboard as /devices/platform/i8042/serio0/input/input2
[    0.766986] rtc_cmos rtc_cmos: alarms up to one day, 114 bytes nvram
[    0.768315] i2c /dev entries driver
[    0.768996] device-mapper: uevent: version 1.0.3
[    0.769921] device-mapper: ioctl: 4.37.0-ioctl (2017-09-20) initialised: dm-devel@redhat.com
[    0.771709] ledtrig-cpu: registered to indicate activity on CPUs
[    0.773569] NET: Registered protocol family 10
[    0.778959] Segment Routing with IPv6
[    0.779722] NET: Registered protocol family 17
[    0.780870] Key type dns_resolver registered
[    0.782009] mce: Using 0 MCE banks
[    0.782669] RAS: Correctable Errors collector initialized.
[    0.783835] sched_clock: Marking stable (781982382, 0)->(981258192, -199275810)
[    0.786044] registered taskstats version 1
[    0.786793] Loading compiled-in X.509 certificates
[    0.789849] Loaded X.509 cert 'Build time autogenerated kernel key: 62d24f9c726e026b112735485dad6e6e4b50c923'
[    0.791781] zswap: loaded using pool lzo/zbud
[    0.795957] Key type big_key registered
[    0.797000] Key type trusted registered
[    0.799258] Key type encrypted registered
[    0.800124] AppArmor: AppArmor sha1 policy hashing enabled
[    0.801173] ima: No TPM chip found, activating TPM-bypass! (rc=-19)
[    0.802375] ima: Allocated hash algorithm: sha1
[    0.803309] evm: HMAC attrs: 0x1
[    0.804225]   Magic number: 4:704:776
[    0.805009] rtc_cmos rtc_cmos: setting system clock to 2020-01-22 08:45:32 UTC (1579682732)
[    0.806778] BIOS EDD facility v0.16 2004-Jun-25, 0 devices found
[    0.807907] EDD information not available.
[    0.910481] Freeing unused kernel image memory: 2428K
[    0.985101] Write protecting the kernel read-only data: 20480k
[    0.986841] Freeing unused kernel image memory: 2008K
[    0.988159] Freeing unused kernel image memory: 1884K
[    0.996533] x86/mm: Checked W+X mappings: passed, no W+X pages found.
[    0.997869] x86/mm: Checking user space page tables
[    1.005752] x86/mm: Checked W+X mappings: passed, no W+X pages found.
Loading, please wait...
starting version 237
[    1.065899] e1000: Intel(R) PRO/1000 Network Driver - version 7.3.21-k8-NAPI
[    1.067317] e1000: Copyright (c) 1999-2006 Intel Corporation.
[    1.070887] Fusion MPT base driver 3.04.20
[    1.071717] Copyright (c) 1999-2008 LSI Corporation
[    1.079257] Fusion MPT SPI Host driver 3.04.20
[    1.083068] AVX2 version of gcm_enc/dec engaged.
[    1.083925] AES CTR mode by8 optimization enabled
[    1.306340] input: ImExPS/2 Generic Explorer Mouse as /devices/platform/i8042/serio1/input/input4
[    1.450421] e1000 0000:00:03.0 eth0: (PCI:33MHz:32-bit) 02:3e:3e:1e:2f:8f
[    1.451719] e1000 0000:00:03.0 eth0: Intel(R) PRO/1000 Network Connection
[    1.454592] e1000 0000:00:03.0 enp0s3: renamed from eth0
[    1.455818] mptbase: ioc0: Initiating bringup
[    1.764684] ioc0: LSI53C1030 A0: Capabilities={Initiator}
[    2.843769] scsi host2: ioc0: LSI53C1030 A0, FwRev=00000000h, Ports=1, MaxQ=256, IRQ=20
[    3.460962] scsi 2:0:0:0: Direct-Access     VBOX     HARDDISK         1.0  PQ: 0 ANSI: 5
[    3.488129] scsi target2:0:0: Beginning Domain Validation
[    3.492501] scsi target2:0:0: Domain Validation skipping write tests
[    3.493707] scsi target2:0:0: Ending Domain Validation
[    3.494857] scsi target2:0:0: asynchronous
[    3.496881] scsi 2:0:1:0: Direct-Access     VBOX     HARDDISK         1.0  PQ: 0 ANSI: 5
[    3.528028] scsi target2:0:1: Beginning Domain Validation
[    3.531759] random: fast init done
[    3.533144] scsi target2:0:1: Domain Validation skipping write tests
[    3.534367] scsi target2:0:1: Ending Domain Validation
[    3.535491] scsi target2:0:1: asynchronous
[    3.542032] random: systemd-udevd: uninitialized urandom read (16 bytes read)
[    3.544298] random: systemd-udevd: uninitialized urandom read (16 bytes read)
[    3.545715] random: systemd-udevd: uninitialized urandom read (16 bytes read)
[    3.547448] sd 2:0:0:0: Attached scsi generic sg0 type 0
[    3.548658] sd 2:0:0:0: [sda] 20971520 512-byte logical blocks: (10.7 GB/10.0 GiB)
[    3.550361] sd 2:0:0:0: [sda] Write Protect is off
[    3.551688] sd 2:0:1:0: Attached scsi generic sg1 type 0
[    3.552783] sd 2:0:0:0: [sda] Incomplete mode parameter data
[    3.553913] sd 2:0:0:0: [sda] Assuming drive cache: write through
[    3.555186] sd 2:0:1:0: [sdb] 20480 512-byte logical blocks: (10.5 MB/10.0 MiB)
[    3.556768] sd 2:0:1:0: [sdb] Write Protect is off
[    3.558168] sd 2:0:1:0: [sdb] Incomplete mode parameter data
[    3.559312] sd 2:0:1:0: [sdb] Assuming drive cache: write through
[    3.564317]  sda: sda1
[    3.566709] sd 2:0:0:0: [sda] Attached SCSI disk
[    3.568514] sd 2:0:1:0: [sdb] Attached SCSI disk
Begin: Loading essential drivers ... [    5.120372] raid6: sse2x1   gen() 13526 MB/s
[    5.168156] raid6: sse2x1   xor()  9887 MB/s
[    5.216506] raid6: sse2x2   gen() 16615 MB/s
[    5.264304] raid6: sse2x2   xor() 11043 MB/s
[    5.312133] raid6: sse2x4   gen() 19310 MB/s
[    5.360435] raid6: sse2x4   xor() 11641 MB/s
[    5.408249] raid6: avx2x1   gen() 27165 MB/s
[    5.456039] raid6: avx2x1   xor() 15701 MB/s
[    5.504162] raid6: avx2x2   gen() 26375 MB/s
[    5.552169] raid6: avx2x2   xor() 17937 MB/s
[    5.600477] raid6: avx2x4   gen() 33024 MB/s
[    5.648399] raid6: avx2x4   xor() 20754 MB/s
[    5.649281] raid6: using algorithm avx2x4 gen() 33024 MB/s
[    5.650329] raid6: .... xor() 20754 MB/s, rmw enabled
[    5.651331] raid6: using avx2x2 recovery algorithm
[    5.653537] xor: automatically using best checksumming function   avx       
[    5.655858] async_tx: api initialized (async)
done.
Begin: Running /scripts/init-premount ... done.
Begin: Mounting root file system ... Begin: Running /scripts/local-top ... done.
Begin: Running /scripts/local-premount ... [    5.694292] Btrfs loaded, crc32c=crc32c-intel
Scanning for Btrfs filesystems
done.
Warning: fsck not present, so skipping root file system
[    5.723901] EXT4-fs (sda1): mounted filesystem with ordered data mode. Opts: (null)
done.
Begin: Running /scripts/local-bottom ... done.
Begin: Running /scripts/init-bottom ... done.
[    5.943171] ip_tables: (C) 2000-2006 Netfilter Core Team
[    5.954575] systemd[1]: systemd 237 running in system mode. (+PAM +AUDIT +SELINUX +IMA +APPARMOR +SMACK +SYSVINIT +UTMP +LIBCRYPTSETUP +GCRYPT +GNUTLS +ACL +XZ +LZ4 +SECCOMP +BLKID +ELFUTILS +KMOD -IDN2 +IDN -PCRE2 default-hierarchy=hybrid)
[    5.958682] systemd[1]: Detected virtualization oracle.
[    5.959723] systemd[1]: Detected architecture x86-64.

Welcome to [1mUbuntu 18.04.3 LTS[0m!

[    5.978776] systemd[1]: Set hostname to <ubuntu>.
[    5.984292] systemd[1]: Initializing machine ID from random generator.
[    5.985565] systemd[1]: Installed transient /etc/machine-id file.
[    6.363386] systemd[1]: Started Forward Password Requests to Wall Directory Watch.
[[0;32m  OK  [0m] Started Forward Password Requests to Wall Directory Watch.
[    6.365741] systemd[1]: Reached target User and Group Name Lookups.
[[0;32m  OK  [0m] Reached target User and Group Name Lookups.
[    6.369658] systemd[1]: Created slice User and Session Slice.
[[0;32m  OK  [0m] Created slice User and Session Slice.
[    6.383430] systemd[1]: Reached target Swap.
[[0;32m  OK  [0m] Reached target Swap.
[[0;32m  OK  [0m] Created slice System Slice.
[[0;32m  OK  [0m] Listening on udev Control Socket.
[[0;32m  OK  [0m] Listening on Network Service Netlink Socket.
[[0;32m  OK  [0m] Listening on Journal Socket.
         Starting Uncomplicated firewall...
         Mounting Huge Pages File System...
         Starting Remount Root and Kernel File Systems...
[[0;32m  OK  [0m] Listening on Syslog Socket.
[[0;32m  OK  [0m] Listening on LVM2 metadata d[    6.452605] EXT4-fs (sda1): re-mounted. Opts: (null)
aemon socket.
         Starting Set the console keyboard layout...
[[0;32m  OK  [0m] Listening on Journal Socket (/dev/log).
[[0;32m  OK  [0m] Listening on udev Kernel Socket.
         Starting udev Coldplug all Devices...
[[0;32m  OK  [0m] Listening on Journal Audit Socket.
         Starting Journal Service...
         Starting Create list of required st…ce nodes for the current kernel...
[[0;32m  OK  [0m] Listening on Device-mapper event daemon FIFOs.
[[0;32m  OK  [0m] Listening on /dev/initctl Compatibility Named Pipe.
[[0;32m  OK  [0m] Created slice system-serial\x2dgetty.slice.
         Mounting Kernel Debug File System...
         Starting Load Kernel Modules...
         Mounting POSIX Message Queue File System...
         Starting Monitoring of LVM2 mirrors…ng dmeventd or progress polling...
[    6.551401] Loading iSCSI transport class v2.0-870.
[[0;32m  OK  [0m] Reached target Slices.
[    6.556984] iscsi: registered transport (tcp)
[    6.571115] iscsi: registered transport (iser)
[[0;32m  OK  [0m] Set up automount Arbitrary Executab…rmats File System Automount Point.
[[0;32m  OK  [0m] Listening on LVM2 poll daemon socket.
[[0;32m  OK  [0m] Reached target System Time Synchronized.
[[0;32m  OK  [0m] Started Journal Service.
[[0;32m  OK  [0m] Started Uncomplicated firewall.
[[0;32m  OK  [0m] Mounted Huge Pages File System.
[[0;32m  OK  [0m] Started Remount Root and Kernel File Systems.
[[0;32m  OK  [0m] Started Create list of required sta…vice nodes for the current kernel.
[[0;32m  OK  [0m] Mounted Kernel Debug File System.
[[0;32m  OK  [0m] Started Set the console keyboard layout.
[[0;32m  OK  [0m] Started Load Kernel Modules.
[[0;32m  OK  [0m] Mounted POSIX Message Queue File System.
[[0;32m  OK  [0m] Started udev Coldplug all Devices.
[[0;32m  OK  [0m] Started LVM2 metadata daemon.
         Mounting Kernel Configuration File System...
         Mounting FUSE Control File System...
         Starting Apply Kernel Variables...
         Starting Create Static Device Nodes in /dev...
         Starting Load/Save Random Seed...
         Starting Flush Journal to Persistent Storage...
[[0;32m  OK  [0m] Started Monitoring of LVM2 mirrors,…sing dmeventd or progress polling.
[[0;32m  OK  [0m] Mounted Kernel Configuration File System.
[[0;32m  OK  [0m] Mounted FUSE Control File System.
[[0;32m  OK  [0m] Started Create Static Device Nodes in /dev.
[[0;32m  OK  [0m] Reached target Local File Systems (Pre).
[[0;32m  OK  [0m] Reached target Local File Systems.
         Starting AppArmor initialization...
         Starting Tell Plymouth To Write Out Runtime Data...
         Starting ebtables ruleset management...
         Starting Commit a transient machine-id on disk...
         Starting Set console font and keymap...
         Starting udev Kernel Device Manager...
[[0;32m  OK  [0m] Started Apply Kernel Variables.
[[0;32m  OK  [0m] Started Load/Save Random Seed.
[[0;32m  OK  [0m] Started Tell Plymouth To Write Out Runtime Data.
[[0;32m  OK  [0m] Started Set console font and keymap.
[[0;32m  OK  [0m] Started udev Kernel Device Manager.
[[0;32m  OK  [0m] Started Dispatch Password Requests to Console Directory Watch.
[[0;32m  OK  [0m] Reached target Local Encrypted Volumes.
[[0;32m  OK  [0m] Started Flush Journal to Persistent Storage.
[[0;32m  OK  [0m] Started Commit a transient machine-id on disk.
[[0;32m  OK  [0m] Started ebtables ruleset management.
         Starting Create Volatile Files and Directories...
[[0;32m  OK  [0m] Started Create Volatile Files and Directories.
         Starting Update UTMP about System Boot/Shutdown...
[[0;32m  OK  [0m] Started Update UTMP about System Boot/Shutdown.
[[0;32m  OK  [0m] Found device /dev/ttyS0.
[[0;32m  OK  [0m] Listening on Load/Save RF Kill Switch Status /dev/rfkill Watch.
[[0;32m  OK  [0m] Started AppArmor initialization.
         Starting Initial cloud-init job (pre-networking)...
[    9.699055] cloud-init[550]: Cloud-init v. 19.3-41-gc4735dd3-0ubuntu1~18.04.1 running 'init-local' at Wed, 22 Jan 2020 08:45:40 +0000. Up 9.30 seconds.
[[0;32m  OK  [0m] Started Initial cloud-init job (pre-networking).
[[0;32m  OK  [0m] Reached target Network (Pre).
         Starting Network Service...
[[0;32m  OK  [0m] Started Network Service.
         Starting Wait for Network to be Configured...
         Starting Network Name Resolution...
[[0;32m  OK  [0m] Started Network Name Resolution.
[[0;32m  OK  [0m] Reached target Host and Network Name Lookups.
[[0;32m  OK  [0m] Reached target Network.
[[0;32m  OK  [0m] Started Wait for Network to be Configured.
         Starting Initial cloud-init job (metadata service crawler)...
[   11.433842] cloud-init[668]: Cloud-init v. 19.3-41-gc4735dd3-0ubuntu1~18.04.1 running 'init' at Wed, 22 Jan 2020 08:45:42 +0000. Up 11.25 seconds.
[   11.435190] cloud-init[668]: ci-info: ++++++++++++++++++++++++++++++++++++++Net device info++++++++++++++++++++++++++++++++++++++
[   11.436454] cloud-init[668]: ci-info: +--------+------+----------------------------+---------------+--------+-------------------+
[   11.437936] cloud-init[668]: ci-info: | Device |  Up  |          Address           |      Mask     | Scope  |     Hw-Address    |
[   11.439447] cloud-init[668]: ci-info: +--------+------+----------------------------+---------------+--------+-------------------+
[   11.440935] cloud-init[668]: ci-info: | enp0s3 | True |         10.0.2.15          | 255.255.255.0 | global | 02:3e:3e:1e:2f:8f |
[   11.442385] cloud-init[668]: ci-info: | enp0s3 | True | fe80::3e:3eff:fe1e:2f8f/64 |       .       |  link  | 02:3e:3e:1e:2f:8f |
[   11.443887] cloud-init[668]: ci-info: |   lo   | True |         127.0.0.1          |   255.0.0.0   |  host  |         .         |
[   11.445430] cloud-init[668]: ci-info: |   lo   | True |          ::1/128           |       .       |  host  |         .         |
[   11.446939] cloud-init[668]: ci-info: +--------+------+----------------------------+---------------+--------+-------------------+
[   11.448514] cloud-init[668]: ci-info: ++++++++++++++++++++++++++++Route IPv4 info+++++++++++++++++++++++++++++
[   11.449738] cloud-init[668]: ci-info: +-------+-------------+----------+-----------------+-----------+-------+
[   11.450961] cloud-init[668]: ci-info: | Route | Destination | Gateway  |     Genmask     | Interface | Flags |
[   11.452300] cloud-init[668]: ci-info: +-------+-------------+----------+-----------------+-----------+-------+
[   11.453524] cloud-init[668]: ci-info: |   0   |   0.0.0.0   | 10.0.2.2 |     0.0.0.0     |   enp0s3  |   UG  |
[   11.454696] cloud-init[668]: ci-info: |   1   |   10.0.2.0  | 0.0.0.0  |  255.255.255.0  |   enp0s3  |   U   |
[   11.455934] cloud-init[668]: ci-info: |   2   |   10.0.2.2  | 0.0.0.0  | 255.255.255.255 |   enp0s3  |   UH  |
[   11.457231] cloud-init[668]: ci-info: +-------+-------------+----------+-----------------+-----------+-------+
[   11.458610] cloud-init[668]: ci-info: +++++++++++++++++++Route IPv6 info+++++++++++++++++++
[   11.459650] cloud-init[668]: ci-info: +-------+-------------+---------+-----------+-------+
[   11.460684] cloud-init[668]: ci-info: | Route | Destination | Gateway | Interface | Flags |
[   11.461706] cloud-init[668]: ci-info: +-------+-------------+---------+-----------+-------+
[   11.462781] cloud-init[668]: ci-info: |   1   |  fe80::/64  |    ::   |   enp0s3  |   U   |
[   11.463809] cloud-init[668]: ci-info: |   3   |    local    |    ::   |   enp0s3  |   U   |
[   11.464845] cloud-init[668]: ci-info: |   4   |   ff00::/8  |    ::   |   enp0s3  |   U   |
[   11.465894] cloud-init[668]: ci-info: +-------+-------------+---------+-----------+-------+
[   12.044539] cloud-init[668]: Generating public/private rsa key pair.
[   12.045438] cloud-init[668]: Your identification has been saved in /etc/ssh/ssh_host_rsa_key.
[   12.046474] cloud-init[668]: Your public key has been saved in /etc/ssh/ssh_host_rsa_key.pub.
[   12.047488] cloud-init[668]: The key fingerprint is:
[   12.048251] cloud-init[668]: SHA256:quhqwk4o9m+huceXIGggm5cDXBXCoNbUb+6YE3bKuhk root@ubuntu-bionic
[   12.049322] cloud-init[668]: The key's randomart image is:
[   12.050013] cloud-init[668]: +---[RSA 2048]----+
[   12.050597] cloud-init[668]: | .oooo.          |
[   12.051185] cloud-init[668]: |. oo..           |
[   12.051798] cloud-init[668]: |o...  .          |
[   12.052428] cloud-init[668]: |=.     o         |
[   12.053036] cloud-init[668]: |o+..  o S        |
[   12.053752] cloud-init[668]: |+o+. = +         |
[   12.054362] cloud-init[668]: |=+ EB @ .        |
[   12.054947] cloud-init[668]: |=o.+o@ +         |
[   12.055588] cloud-init[668]: |=+o*O.o          |
[   12.056258] cloud-init[668]: +----[SHA256]-----+
[   12.056910] cloud-init[668]: Generating public/private dsa key pair.
[   12.057790] cloud-init[668]: Your identification has been saved in /etc/ssh/ssh_host_dsa_key.
[   12.058971] cloud-init[668]: Your public key has been saved in /etc/ssh/ssh_host_dsa_key.pub.
[   12.060188] cloud-init[668]: The key fingerprint is:
[   12.060805] cloud-init[668]: SHA256:0OvWMas8qA4SVkvpo+V4mDu6C1HrfJ8gkWKCJeBVj1Y root@ubuntu-bionic
[   12.061914] cloud-init[668]: The key's randomart image is:
[   12.062623] cloud-init[668]: +---[DSA 1024]----+
[   12.063265] cloud-init[668]: |.  ... E         |
[   12.063822] cloud-init[668]: |o . . +.         |
[   12.064451] cloud-init[668]: |..o+ o...        |
[   12.065037] cloud-init[668]: |.++oo  . .       |
[   12.065613] cloud-init[668]: |*o+=    S o      |
[   12.066245] cloud-init[668]: |+*B..  . . +     |
[   12.066894] cloud-init[668]: |o==oo  .o o      |
[   12.067580] cloud-init[668]: |.oo+ o.+..       |
[   12.068185] cloud-init[668]: |=+..o.o o.       |
[   12.068754] cloud-init[668]: +----[SHA256]-----+
[   12.069341] cloud-init[668]: Generating public/private ecdsa key pair.
[   12.080416] cloud-init[668]: Your identification has been saved in /etc/ssh/ssh_host_ecdsa_key.
[   12.081088] cloud-init[668]: Your public key has been saved in /etc/ssh/ssh_host_ecdsa_key.pub.
[   12.092320] cloud-init[668]: The key fingerprint is:
[   12.092698] cloud-init[668]: SHA256:LWzjggMPRJFc8EoNeMOGgw1NFBdCtts7I9UNTjGXYhE root@ubuntu-bionic
[   12.093236] cloud-init[668]: The key's randomart image is:
[   12.093780] cloud-init[668]: +---[ECDSA 256]---+
[   12.094369] cloud-init[668]: |o%%*+.Eo..       |
[   12.104437] cloud-init[668]: |=oXB  o+.        |
[   12.105079] cloud-init[668]: | ++.o.o.         |
[   12.116271] cloud-init[668]: | o + + + .       |
[   12.117159] cloud-init[668]: |  = o o S .      |
[   12.117893] cloud-init[668]: |   = o o o       |
[   12.118641] cloud-init[668]: |  . B . .        |
[   12.119247] cloud-init[668]: |   . + .         |
[   12.119874] cloud-init[668]: |                 |
[   12.120539] cloud-init[668]: +----[SHA256]-----+
[   12.121161] cloud-init[668]: Generating public/private ed25519 key pair.
[   12.122059] cloud-init[668]: Your identification has been saved in /etc/ssh/ssh_host_ed25519_key.
[   12.123195] cloud-init[668]: Your public key has been saved in /etc/ssh/ssh_host_ed25519_key.pub.
[   12.124365] cloud-init[668]: The key fingerprint is:
[[0;32m  OK  [0m] Started Initial cloud-init job (metadata service crawler).
[   12.141016] cloud-init[668]: SHA256:B5ZFajGvHRMco1176V/QiMgZoFAk0DEegVtXmnLpjOc root@ubuntu-bionic
[   12.153992] cloud-init[668]: The key's randomart image is:
[[   12.155099] cloud-init[668]: +--[ED25519 256]--+
[   12.155254] cloud-init[668]: |  .+B=o.=+B..    |
[   12.156102] cloud-init[668]: |  ..o=.= @.B o + |
[   12.156566] cloud-init[668]: |   oo.* B O o = .|
[   12.156941] cloud-init[668]: |  .  * o + o o . |
[0;32m  OK  [0m] Reached target System Initialization.
[   12.157277] cloud-init[668]: |    . + S o   . .|
[   12.159511] cloud-init[668]: |     o   .     ..|
[   12.160121] cloud-init[668]: |      E         .|
[[   12.172343] cloud-init[668]: |                 |
[   12.172453] cloud-init[668]: |                 |
[   12.173202] cloud-init[668]: +----[SHA256]-----+
[0;32m  OK  [0m] Started Daily apt download activities.
[[0;32m  OK  [0m] Started Message of the Day.
[[0;32m  OK  [0m] Started Discard unused blocks once a week.
[[0;32m  OK  [0m] Listening on Open-iSCSI iscsid Socket.
         Starting LXD - unix socket.
[[0;32m  OK  [0m] Listening on UUID daemon activation socket.
[[0;32m  OK  [0m] Started ACPI Events Check.
[[0;32m  OK  [0m] Reached target Paths.
[[0;32m  OK  [0m] Listening on ACPID Listen Socket.
         Starting Socket activation for snappy daemon.
[[0;32m  OK  [0m] Started Daily apt upgrade and clean activities.
[[0;32m  OK  [0m] Started Daily Cleanup of Temporary Directories.
[[0;32m  OK  [0m] Reached target Timers.
[[0;32m  OK  [0m] Listening on D-Bus System Message Bus Socket.
[[0;32m  OK  [0m] Reached target Network is Online.
[[0;32m  OK  [0m] Reached target Remote File Systems (Pre).
[[0;32m  OK  [0m] Reached target Remote File Systems.
         Starting Availability of block devices...
[[0;32m  OK  [0m] Reached target Cloud-config availability.
[[0;32m  OK  [0m] Listening on LXD - unix socket.
[[0;32m  OK  [0m] Listening on Socket activation for snappy daemon.
[[0;32m  OK  [0m] Started Availability of block devices.
[[0;32m  OK  [0m] Reached target Sockets.
[[0;32m  OK  [0m] Reached target Basic System.
         Starting Login Service...
[[0;32m  OK  [0m] Started Regular background program processing daemon.
         Starting LXD - container startup/shutdown...
         Starting System Logging Service...
         Starting Virtualbox guest utils...
         Starting Permit User Sessions...
         Starting Snappy daemon...
[[0;32m  OK  [0m] Started Deferred execution scheduler.
         Starting Dispatcher daemon for systemd-networkd...
         Starting LSB: Record successful boot for GRUB...
         Starting Accounts Service...
[[0;32m  OK  [0m] Started irqbalance daemon.
         Starting LSB: automatic crash report generation...
[[0;32m  OK  [0m] Started FUSE filesystem for LXC.
[[0;32m  OK  [0m] Started D-Bus System Message Bus.
[[0;32m  OK  [0m] Started Login Service.
[[0;32m  OK  [0m] Started Unattended Upgrades Shutdown.
         Starting Pollinate to seed the pseudo random number generator...
[[0;32m  OK  [0m] Started System Logging Service.
[[0;32m  OK  [0m] Started LXD - container startup/shutdown.
[[0;32m  OK  [0m] Started Permit User Sessions.
         Starting Authorization Manager...
         Starting Terminate Plymouth Boot Screen...
         Starting Hold until boot process finishes up...
[[0;32m  OK  [0m] Started Hold until boot process finishes up.
         Starting Set console scheme...
[[0;32m  OK  [0m] Started Serial Getty on ttyS0.
[[0;32m  OK  [0m] Started Terminate Plymouth Boot Screen.
[[0;32m  OK  [0m] Started Authorization Manager.
[[0;32m  OK  [0m] Started Accounts Service.
[[0;32m  OK  [0m] Started Set console scheme.
[[0;32m  OK  [0m] Created slice system-getty.slice.
[[0;32m  OK  [0m] Started Getty on tty1.
[[0;32m  OK  [0m] Reached target Login Prompts.
[[0;32m  OK  [0m] Started LSB: automatic crash report generation.
[[0;32m  OK  [0m] Started Virtualbox guest utils.
[[0;32m  OK  [0m] Started LSB: Record successful boot for GRUB.
[[0;32m  OK  [0m] Started Dispatcher daemon for systemd-networkd.
[[0;32m  OK  [0m] Started Snappy daemon.
         Starting Wait until snapd is fully seeded...
[[0;32m  OK  [0m] Started Pollinate to seed the pseudo random number generator.
         Starting OpenBSD Secure Shell server...
[[0;32m  OK  [0m] Started OpenBSD Secure Shell server.
[[0;32m  OK  [0m] Created slice User Slice of vagrant.
         Starting User Manager for UID 1000...
[[0;32m  OK  [0m] Started Session 1 of user vagrant.
[[0;32m  OK  [0m] Started User Manager for UID 1000.
[[0;32m  OK  [0m] Started Wait until snapd is fully seeded.
         Starting Apply the settings specified in cloud-config...
[[0;32m  OK  [0m] Reached target Multi-User System.
[[0;32m  OK  [0m] Reached target Graphical Interface.
         Starting Update UTMP about System Runlevel Changes...
[[0;32m  OK  [0m] Started Update UTMP about System Runlevel Changes.
[   15.647044] cloud-init[1268]: Cloud-init v. 19.3-41-gc4735dd3-0ubuntu1~18.04.1 running 'modules:config' at Wed, 22 Jan 2020 08:45:46 +0000. Up 14.74 seconds.
[[0;32m  OK  [0m] Started Apply the settings specified in cloud-config.
         Starting Execute cloud user/final scripts...
ci-info: no authorized ssh keys fingerprints found for user ubuntu.
<14>Jan 22 08:45:48 ec2: 
<14>Jan 22 08:45:48 ec2: #############################################################
<14>Jan 22 08:45:48 ec2: -----BEGIN SSH HOST KEY FINGERPRINTS-----
<14>Jan 22 08:45:48 ec2: 1024 SHA256:0OvWMas8qA4SVkvpo+V4mDu6C1HrfJ8gkWKCJeBVj1Y root@ubuntu-bionic (DSA)
<14>Jan 22 08:45:48 ec2: 256 SHA256:LWzjggMPRJFc8EoNeMOGgw1NFBdCtts7I9UNTjGXYhE root@ubuntu-bionic (ECDSA)
<14>Jan 22 08:45:48 ec2: 256 SHA256:B5ZFajGvHRMco1176V/QiMgZoFAk0DEegVtXmnLpjOc root@ubuntu-bionic (ED25519)
<14>Jan 22 08:45:48 ec2: 2048 SHA256:quhqwk4o9m+huceXIGggm5cDXBXCoNbUb+6YE3bKuhk root@ubuntu-bionic (RSA)
<14>Jan 22 08:45:48 ec2: -----END SSH HOST KEY FINGERPRINTS-----
<14>Jan 22 08:45:48 ec2: #############################################################
-----BEGIN SSH HOST KEY KEYS-----
ecdsa-sha2-nistp256 AAAAE2VjZHNhLXNoYTItbmlzdHAyNTYAAAAIbmlzdHAyNTYAAABBBDEkyJyYPGGo+JVmo0QMe68TS30uEMz+z2UPJ+32ZYpxQnDZF8KJ+Qd8B6eYGxpik75L7upcn7XSINPEtY9xT2c= root@ubuntu-bionic
ssh-ed25519 AAAAC3NzaC1lZDI1NTE5AAAAICbDV/7Ryjxe6Zt4Wwo8ujtpqGw2ND7VpUkpLuFm8rrh root@ubuntu-bionic
ssh-rsa AAAAB3NzaC1yc2EAAAADAQABAAABAQDu8Qhawcvg4bawjT7tcjy93Z8whj4IcmHzuFLb70YBwKLrdVtAm+h/BzAhhh+L0ylGxGBVSOIzsdjo5QtQfy8l3i+dbC+O462RjujydOlrvNJhvr9qecRf2QQTDKj/Nkuup4Jc8Rhl+2VAi1v2XzW99m5uAigrD8Tg5y52E8j8hmbRmuvCaOBbpGcGGh/kIo74yV9ULfAbP6QL6QKmBKxREZQwzqJCyqwC8uhJwVZ3xImdc3NKzcDI/SVDtF8wyI/iTRaZoTJMxyp95SOfsCbN5HkGyYqnCQGotYV3HyISpoHcl6F0AMsRxfbnGmCPu+x7FMfWGVEqkjkwRZxuN5xB root@ubuntu-bionic
-----END SSH HOST KEY KEYS-----
[   16.364509] cloud-init[1397]: Cloud-init v. 19.3-41-gc4735dd3-0ubuntu1~18.04.1 running 'modules:final' at Wed, 22 Jan 2020 08:45:47 +0000. Up 16.19 seconds.
[   16.376533] cloud-init[1397]: ci-info: no authorized ssh keys fingerprints found for user ubuntu.
[   16.388232] cloud-init[1397]: Cloud-init v. 19.3-41-gc4735dd3-0ubuntu1~18.04.1 finished at Wed, 22 Jan 2020 08:45:48 +0000. Datasource DataSourceNoCloud [seed=/dev/sdb][dsmode=net].  Up 16.35 seconds
[[0;32m  OK  [0m] Started Execute cloud user/final scripts.
[[0;32m  OK  [0m] Reached target Cloud-init target.

Ubuntu 18.04.3 LTS ubuntu-bionic ttyS0

ubuntu-bionic login: 